Performing C SOURCE FILE Test CMAKE_HAVE_LIBC_PTHREAD failed with the following output:
Change Dir: /home/jamg/ROS/ProyectoRobotsMoviles/build/CMakeFiles/CMakeTmp

Run Build Command(s):/usr/bin/make cmTC_f5abf/fast && /usr/bin/make -f CMakeFiles/cmTC_f5abf.dir/build.make CMakeFiles/cmTC_f5abf.dir/build
make[1]: se entra en el directorio '/home/jamg/ROS/ProyectoRobotsMoviles/build/CMakeFiles/CMakeTmp'
Building C object CMakeFiles/cmTC_f5abf.dir/src.c.o
/usr/bin/cc   -DCMAKE_HAVE_LIBC_PTHREAD   -o CMakeFiles/cmTC_f5abf.dir/src.c.o   -c /home/jamg/ROS/ProyectoRobotsMoviles/build/CMakeFiles/CMakeTmp/src.c
Linking C executable cmTC_f5abf
/usr/bin/cmake -E cmake_link_script CMakeFiles/cmTC_f5abf.dir/link.txt --verbose=1
/usr/bin/cc  -DCMAKE_HAVE_LIBC_PTHREAD    -rdynamic CMakeFiles/cmTC_f5abf.dir/src.c.o  -o cmTC_f5abf 
/usr/bin/ld: CMakeFiles/cmTC_f5abf.dir/src.c.o: en la función `main':
src.c:(.text+0x46): referencia a `pthread_create' sin definir
/usr/bin/ld: src.c:(.text+0x52): referencia a `pthread_detach' sin definir
/usr/bin/ld: src.c:(.text+0x63): referencia a `pthread_join' sin definir
collect2: error: ld returned 1 exit status
make[1]: *** [CMakeFiles/cmTC_f5abf.dir/build.make:87: cmTC_f5abf] Error 1
make[1]: se sale del directorio '/home/jamg/ROS/ProyectoRobotsMoviles/build/CMakeFiles/CMakeTmp'
make: *** [Makefile:121: cmTC_f5abf/fast] Error 2


Source file was:
#include <pthread.h>

void* test_func(void* data)
{
  return data;
}

int main(void)
{
  pthread_t thread;
  pthread_create(&thread, NULL, test_func, NULL);
  pthread_detach(thread);
  pthread_join(thread, NULL);
  pthread_atfork(NULL, NULL, NULL);
  pthread_exit(NULL);

  return 0;
}

Determining if the function pthread_create exists in the pthreads failed with the following output:
Change Dir: /home/jamg/ROS/ProyectoRobotsMoviles/build/CMakeFiles/CMakeTmp

Run Build Command(s):/usr/bin/make cmTC_17f98/fast && /usr/bin/make -f CMakeFiles/cmTC_17f98.dir/build.make CMakeFiles/cmTC_17f98.dir/build
make[1]: se entra en el directorio '/home/jamg/ROS/ProyectoRobotsMoviles/build/CMakeFiles/CMakeTmp'
Building C object CMakeFiles/cmTC_17f98.dir/CheckFunctionExists.c.o
/usr/bin/cc   -DCHECK_FUNCTION_EXISTS=pthread_create   -o CMakeFiles/cmTC_17f98.dir/CheckFunctionExists.c.o   -c /usr/share/cmake-3.16/Modules/CheckFunctionExists.c
Linking C executable cmTC_17f98
/usr/bin/cmake -E cmake_link_script CMakeFiles/cmTC_17f98.dir/link.txt --verbose=1
/usr/bin/cc  -DCHECK_FUNCTION_EXISTS=pthread_create    -rdynamic CMakeFiles/cmTC_17f98.dir/CheckFunctionExists.c.o  -o cmTC_17f98  -lpthreads 
/usr/bin/ld: no se puede encontrar -lpthreads
collect2: error: ld returned 1 exit status
make[1]: *** [CMakeFiles/cmTC_17f98.dir/build.make:87: cmTC_17f98] Error 1
make[1]: se sale del directorio '/home/jamg/ROS/ProyectoRobotsMoviles/build/CMakeFiles/CMakeTmp'
make: *** [Makefile:121: cmTC_17f98/fast] Error 2



